(0.1 1.0) (0.1 10.0) (0.01 1.0) (0.01 10.0) 
\begin{table}[H]
\centering
\begin{tabular}{|c|c|c|c|c|c|}
\hline
$C$ & $C = 10^0$ & $C = 10^1$ & $\gamma$ \\
\hline
1 & \texttt{2.5192} & \texttt{3.6438} & \texttt{27.0308} & \texttt{28.0103} \\
\hline
2 & \texttt{11.0383} & \texttt{12.6573} & \texttt{83.0179} & \texttt{81.6222} \\
\hline
3 & \texttt{2.5465} & \texttt{3.4969} & \texttt{25.5682} & \texttt{25.1784} \\
\hline
4 & \texttt{8.0246} & \texttt{10.7596} & \texttt{70.0295} & \texttt{69.6028} \\
\hline
5 & \texttt{1.5116} & \texttt{2.687} & \texttt{22.971} & \texttt{24.3494} \\
\hline
6 & \texttt{6.0184} & \texttt{9.8106} & \texttt{67.0402} & \texttt{68.3466} \\
\hline
7 & \texttt{1.0046} & \texttt{2.2122} & \texttt{19.4579} & \texttt{23.545} \\
\hline
8 & \texttt{5.0125} & \texttt{8.8608} & \texttt{65.0429} & \texttt{68.3455} \\
\hline
9 & \texttt{1.0022} & \texttt{1.8965} & \texttt{16.4645} & \texttt{22.4353} \\
\hline
10 & \texttt{4.0096} & \texttt{8.2266} & \texttt{63.0396} & \texttt{68.346} \\
\hline


