./a.out 1 0.1 1.0 1000 0.0001 0.001
./a.out 1 0.1 10.0 1000 0.0001 0.001
./a.out 1 0.1 100.0 1000 0.0001 0.001
./a.out 1 0.1 1.0 2000 0.0001 0.001
./a.out 1 0.1 10.0 2000 0.0001 0.001
./a.out 1 0.1 100.0 2000 0.0001 0.001
./a.out 1 0.1 1.0 1000 5e-05 0.001
./a.out 1 0.1 10.0 1000 5e-05 0.001
./a.out 1 0.1 100.0 1000 5e-05 0.001
./a.out 1 0.1 1.0 2000 5e-05 0.001
./a.out 1 0.1 10.0 2000 5e-05 0.001
./a.out 1 0.1 100.0 2000 5e-05 0.001
./a.out 1 0.01 1.0 1000 0.0001 0.001
./a.out 1 0.01 10.0 1000 0.0001 0.001
./a.out 1 0.01 100.0 1000 0.0001 0.001
./a.out 1 0.01 1.0 2000 0.0001 0.001
./a.out 1 0.01 10.0 2000 0.0001 0.001
./a.out 1 0.01 100.0 2000 0.0001 0.001
./a.out 1 0.01 1.0 1000 5e-05 0.001
./a.out 1 0.01 10.0 1000 5e-05 0.001
./a.out 1 0.01 100.0 1000 5e-05 0.001
./a.out 1 0.01 1.0 2000 5e-05 0.001
./a.out 1 0.01 10.0 2000 5e-05 0.001
./a.out 1 0.01 100.0 2000 5e-05 0.001
./a.out 1 0.001 1.0 1000 0.0001 0.001
./a.out 1 0.001 10.0 1000 0.0001 0.001
./a.out 1 0.001 100.0 1000 0.0001 0.001
./a.out 1 0.001 1.0 2000 0.0001 0.001
./a.out 1 0.001 10.0 2000 0.0001 0.001
./a.out 1 0.001 100.0 2000 0.0001 0.001
./a.out 1 0.001 1.0 1000 5e-05 0.001
./a.out 1 0.001 10.0 1000 5e-05 0.001
./a.out 1 0.001 100.0 1000 5e-05 0.001
./a.out 1 0.001 1.0 2000 5e-05 0.001
./a.out 1 0.001 10.0 2000 5e-05 0.001
./a.out 1 0.001 100.0 2000 5e-05 0.001
./a.out 2 0.1 1.0 1000 0.0001 0.001
./a.out 2 0.1 10.0 1000 0.0001 0.001
./a.out 2 0.1 100.0 1000 0.0001 0.001
./a.out 2 0.1 1.0 2000 0.0001 0.001
./a.out 2 0.1 10.0 2000 0.0001 0.001
./a.out 2 0.1 100.0 2000 0.0001 0.001
./a.out 2 0.1 1.0 1000 5e-05 0.001
./a.out 2 0.1 10.0 1000 5e-05 0.001
./a.out 2 0.1 100.0 1000 5e-05 0.001
./a.out 2 0.1 1.0 2000 5e-05 0.001
./a.out 2 0.1 10.0 2000 5e-05 0.001
